
*** Running vivado
    with args -log frequency.vds -m64 -product Vivado -mode batch -messageDb vivado.pb -notrace -source frequency.tcl


****** Vivado v2017.4 (64-bit)
  **** SW Build 2086221 on Fri Dec 15 20:55:39 MST 2017
  **** IP Build 2085800 on Fri Dec 15 22:25:07 MST 2017
    ** Copyright 1986-2017 Xilinx, Inc. All Rights Reserved.

source frequency.tcl -notrace
Command: synth_design -top frequency -part xc7a35tcpg236-1
Starting synth_design
Attempting to get a license for feature 'Synthesis' and/or device 'xc7a35t'
INFO: [Common 17-349] Got license for feature 'Synthesis' and/or device 'xc7a35t'
INFO: Launching helper process for spawning children vivado processes
INFO: Helper process launched with PID 5008 
---------------------------------------------------------------------------------
Starting Synthesize : Time (s): cpu = 00:00:05 ; elapsed = 00:00:05 . Memory (MB): peak = 388.148 ; gain = 97.492
---------------------------------------------------------------------------------
INFO: [Synth 8-638] synthesizing module 'frequency' [D:/ProjectLab1/FrequencyCounterStuff/VivadoStuff/project_1/project_1.srcs/sources_1/imports/FrequencyCounterStuff/frequency.v:2]
INFO: [Synth 8-638] synthesizing module 'counter' [D:/ProjectLab1/FrequencyCounterStuff/VivadoStuff/project_1/project_1.srcs/sources_1/imports/FrequencyCounterStuff/counter.v:1]
	Parameter size bound to: 32 - type: integer 
INFO: [Synth 8-256] done synthesizing module 'counter' (1#1) [D:/ProjectLab1/FrequencyCounterStuff/VivadoStuff/project_1/project_1.srcs/sources_1/imports/FrequencyCounterStuff/counter.v:1]
ERROR: [Synth 8-523] part-select [7:0] does not match declaration [D:/ProjectLab1/FrequencyCounterStuff/VivadoStuff/project_1/project_1.srcs/sources_1/imports/FrequencyCounterStuff/frequency.v:41]
ERROR: [Synth 8-285] failed synthesizing module 'frequency' [D:/ProjectLab1/FrequencyCounterStuff/VivadoStuff/project_1/project_1.srcs/sources_1/imports/FrequencyCounterStuff/frequency.v:2]
---------------------------------------------------------------------------------
Finished Synthesize : Time (s): cpu = 00:00:06 ; elapsed = 00:00:06 . Memory (MB): peak = 440.074 ; gain = 149.418
---------------------------------------------------------------------------------
synthesize failed
INFO: [Common 17-83] Releasing license: Synthesis
5 Infos, 0 Warnings, 0 Critical Warnings and 3 Errors encountered.
synth_design failed
ERROR: [Common 17-69] Command failed: Vivado Synthesis failed
INFO: [Common 17-206] Exiting Vivado at Tue Feb  6 22:02:36 2018...
